[2023-07-17 18:16:12] merlin-logger.DEBUG: The welcome step has been displayed [] []
[2023-07-17 18:16:16] merlin-logger.DEBUG: The child theme installation step has been displayed [] []
[2023-07-17 18:16:20] merlin-logger.DEBUG: The plugin installation step has been displayed [] []
[2023-07-17 18:16:24] merlin-logger.DEBUG: A plugin with the following data will be processed {"plugin_slug":"advanced-custom-fields","message":"Installing"} []
[2023-07-17 18:16:31] merlin-logger.DEBUG: A plugin with the following data will be processed {"plugin_slug":"advanced-custom-fields","message":"Activating"} []
[2023-07-17 18:16:33] merlin-logger.DEBUG: A plugin with the following data was processed {"plugin_slug":"advanced-custom-fields"} []
[2023-07-17 18:16:33] merlin-logger.DEBUG: A plugin with the following data will be processed {"plugin_slug":"elementor","message":"Installing"} []
[2023-07-17 18:16:43] merlin-logger.DEBUG: A plugin with the following data will be processed {"plugin_slug":"elementor","message":"Activating"} []
[2023-07-17 18:16:46] merlin-logger.DEBUG: A plugin with the following data was processed {"plugin_slug":"elementor"} []
[2023-07-17 18:16:46] merlin-logger.DEBUG: A plugin with the following data will be processed {"plugin_slug":"neuron-core-bifrost","message":"Installing"} []
[2023-07-17 18:16:48] merlin-logger.DEBUG: A plugin with the following data will be processed {"plugin_slug":"neuron-core-bifrost","message":"Installing"} []
[2023-07-17 18:16:48] merlin-logger.DEBUG: A plugin with the following data will be processed {"plugin_slug":"contact-form-7","message":"Installing"} []
[2023-07-17 18:16:56] merlin-logger.DEBUG: A plugin with the following data will be processed {"plugin_slug":"contact-form-7","message":"Activating"} []
[2023-07-17 18:16:59] merlin-logger.DEBUG: A plugin with the following data was processed {"plugin_slug":"contact-form-7"} []
[2023-07-17 18:16:59] merlin-logger.DEBUG: A plugin with the following data will be processed {"plugin_slug":"one-click-demo-import","message":"Installing"} []
[2023-07-17 18:17:06] merlin-logger.DEBUG: A plugin with the following data will be processed {"plugin_slug":"one-click-demo-import","message":"Activating"} []
[2023-07-17 18:17:08] merlin-logger.DEBUG: A plugin with the following data was processed {"plugin_slug":"one-click-demo-import"} []
[2023-07-17 18:17:09] merlin-logger.DEBUG: A plugin with the following data will be processed {"plugin_slug":"revslider","message":"Installing"} []
[2023-07-17 18:17:14] merlin-logger.DEBUG: A plugin with the following data will be processed {"plugin_slug":"revslider","message":"Activating"} []
[2023-07-17 18:17:22] merlin-logger.DEBUG: A plugin with the following data was processed {"plugin_slug":"revslider"} []
[2023-07-17 18:17:23] merlin-logger.DEBUG: A plugin with the following data was processed {"plugin_slug":"revslider"} []
[2023-07-17 18:17:24] merlin-logger.DEBUG: A plugin with the following data will be processed {"plugin_slug":"woocommerce","message":"Installing"} []
[2023-07-17 18:17:39] merlin-logger.DEBUG: A plugin with the following data will be processed {"plugin_slug":"woocommerce","message":"Activating"} []
[2023-07-17 18:17:48] merlin-logger.DEBUG: A plugin with the following data was processed {"plugin_slug":"woocommerce"} []
[2023-07-17 18:17:52] merlin-logger.DEBUG: The final step has been displayed [] []
[2023-07-17 18:55:16] merlin-logger.DEBUG: The welcome step has been displayed [] []
[2023-07-17 18:55:20] merlin-logger.DEBUG: The child theme installation step has been displayed [] []
[2023-07-17 18:55:20] merlin-logger.DEBUG: The child theme installation step has been displayed [] []
[2023-07-17 18:55:23] merlin-logger.DEBUG: The plugin installation step has been displayed [] []
[2023-07-17 18:55:25] merlin-logger.DEBUG: A plugin with the following data will be processed {"plugin_slug":"neuron-core-bifrost","message":"Installing"} []
[2023-07-17 18:55:28] merlin-logger.DEBUG: A plugin with the following data will be processed {"plugin_slug":"neuron-core-bifrost","message":"Activating"} []
[2023-08-09 11:34:50] merlin-logger.DEBUG: The welcome step has been displayed [] []
[2023-08-09 11:34:55] merlin-logger.DEBUG: The child theme installation step has been displayed [] []
[2023-08-09 11:34:58] merlin-logger.DEBUG: The plugin installation step has been displayed [] []
[2023-08-09 11:35:01] merlin-logger.DEBUG: A plugin with the following data will be processed {"plugin_slug":"advanced-custom-fields","message":"Updating"} []
[2023-08-29 20:09:28] merlin-logger.DEBUG: The welcome step has been displayed [] []
